<?xml version="1.0" encoding="UTF-8"?>
<!-- Generated by org.testng.reporters.JUnitReportReporter -->
<testsuite hostname="LAPTOP-2EUUN60H" failures="0" tests="1" name="StandaloneTest.StandaloneTest" time="11.930" errors="0" timestamp="2023-12-17T10:30:24 IST" skipped="0">
  <testcase classname="StandaloneTest.StandaloneTest" name="PlaceOrderTest" time="11.930"/>
  <system-out/>
</testsuite> <!-- StandaloneTest.StandaloneTest -->
